<?xml version="1.0" encoding="UTF-8"?>
<!-- Generated by org.testng.reporters.JUnitReportReporter -->
<testsuite hostname="IBM-BXD32F3" failures="0" tests="5" name="E2EProjectFramework.Framework.ServiceAppointmentListVewPage" time="28.760" errors="0" timestamp="2024-07-31T17:10:25 IST" skipped="1">
  <testcase classname="E2EProjectFramework.Framework.ServiceAppointmentListVewPage" name="verifyColumnHeaders" time="0.495"/>
  <system-out/>
  <testcase classname="E2EProjectFramework.Framework.ServiceAppointmentListVewPage" name="verifySearchServiceAppointment" time="5.927"/>
  <system-out/>
  <testcase classname="E2EProjectFramework.Framework.ServiceAppointmentListVewPage" name="verifyListViewOptions" time="0.381"/>
  <system-out/>
  <testcase classname="E2EProjectFramework.Framework.ServiceAppointmentListVewPage" name="deleteTSE" time="21.957"/>
  <system-out/>
  <testcase classname="E2EProjectFramework.Framework.ServiceAppointmentListVewPage" name="createTSE">
    <skipped/>
  </testcase> <!-- createTSE -->
  <system-out/>
</testsuite> <!-- E2EProjectFramework.Framework.ServiceAppointmentListVewPage -->
