<?xml version="1.0" encoding="UTF-8"?>
<!-- Generated by org.testng.reporters.JUnitReportReporter -->
<testsuite hostname="IBM-BXD32F3" failures="0" tests="1" name="E2EProjectFramework.Framework.Case.CreateCase" time="10.934" errors="0" timestamp="2023-03-30T14:02:13 IST" skipped="0">
  <testcase classname="E2EProjectFramework.Framework.Case.CreateCase" name="createCase" time="10.934"/>
  <system-out/>
</testsuite> <!-- E2EProjectFramework.Framework.Case.CreateCase -->
