<?xml version="1.0" encoding="UTF-8"?>
<!-- Generated by org.testng.reporters.JUnitReportReporter -->
<testsuite hostname="IBM-BXD32F3" failures="0" tests="2" name="E2EProjectFramework.Framework.invokingBrowser" time="24.706" errors="0" timestamp="2024-05-22T14:12:57 IST" skipped="0">
  <testcase classname="E2EProjectFramework.Framework.invokingBrowser" name="launchBrowser" time="4.142"/>
  <system-out/>
  <testcase classname="E2EProjectFramework.Framework.invokingBrowser" name="launchBrowser" time="20.564"/>
  <system-out/>
</testsuite> <!-- E2EProjectFramework.Framework.invokingBrowser -->
