<?xml version="1.0" encoding="UTF-8"?>
<!-- Generated by org.testng.reporters.JUnitReportReporter -->
<testsuite hostname="IBM-BXD32F3" failures="0" tests="2" name="E2EProjectFramework.Framework.invokingBrowser" time="24.029" errors="0" timestamp="2022-08-27T00:35:47 IST" skipped="0">
  <testcase classname="E2EProjectFramework.Framework.invokingBrowser" name="launchBrowser" time="21.941"/>
  <system-out/>
  <testcase classname="E2EProjectFramework.Framework.invokingBrowser" name="launchBrowser" time="2.088"/>
  <system-out/>
</testsuite> <!-- E2EProjectFramework.Framework.invokingBrowser -->
