<?xml version="1.0" encoding="UTF-8"?>
<!-- Generated by org.testng.reporters.JUnitReportReporter -->
<testsuite hostname="IBM-BXD32F3" failures="0" tests="2" name="E2EProjectFramework.Framework.HomePage" time="0.006" errors="0" timestamp="2022-08-26T00:38:56 IST" skipped="0">
  <testcase classname="E2EProjectFramework.Framework.HomePage" name="basePageNavigation" time="0.005"/>
  <system-out/>
  <testcase classname="E2EProjectFramework.Framework.HomePage" name="basePageNavigation" time="0.001"/>
  <system-out/>
</testsuite> <!-- E2EProjectFramework.Framework.HomePage -->
