<?xml version="1.0" encoding="UTF-8"?>
<!-- Generated by org.testng.reporters.JUnitReportReporter -->
<testsuite hostname="IBM-BXD32F3" failures="0" tests="5" name="E2EProjectFramework.Framework.ServiceAppointmentListVewPage" time="29.716" errors="0" timestamp="2024-07-31T17:15:12 IST" skipped="1">
  <testcase classname="E2EProjectFramework.Framework.ServiceAppointmentListVewPage" name="deleteTSE" time="22.091"/>
  <system-out/>
  <testcase classname="E2EProjectFramework.Framework.ServiceAppointmentListVewPage" name="verifyColumnHeaders" time="0.397"/>
  <system-out/>
  <testcase classname="E2EProjectFramework.Framework.ServiceAppointmentListVewPage" name="verifyListViewOptions" time="0.587"/>
  <system-out/>
  <testcase classname="E2EProjectFramework.Framework.ServiceAppointmentListVewPage" name="verifySearchServiceAppointment" time="6.641"/>
  <system-out/>
  <testcase classname="E2EProjectFramework.Framework.ServiceAppointmentListVewPage" name="createTSE">
    <skipped/>
  </testcase> <!-- createTSE -->
  <system-out/>
</testsuite> <!-- E2EProjectFramework.Framework.ServiceAppointmentListVewPage -->
